# JRE version: OpenJDK Runtime Environment (21.0.8) (build 21.0.8+-14018985-b1038.68)
# Java VM: OpenJDK 64-Bit Server VM (21.0.8+-14018985-b1038.68, mixed mode, tiered, compressed oops, compressed class ptrs, g1 gc, windows-amd64)
GC Precious Log:
 CardTable entry size: 512
 Card Set container configuration: InlinePtr #cards 5 size 8 Array Of Cards #cards 12 size 40 Howl #buckets 4 coarsen threshold 1843 Howl Bitmap #cards 512 size 80 coarsen threshold 460 Card regions per heap region 1 cards per card region 2048
 CPUs: 4 total, 4 available
 Memory: 12067M
 Large Page Support: Disabled
 NUMA Support: Disabled
 Compressed Oops: Enabled (32-bit)
 Heap Region Size: 1M
 Heap Min Capacity: 8M
 Heap Initial Capacity: 190M
 Heap Max Capacity: 512M
 Pre-touch: Disabled
 Parallel Workers: 4
 Concurrent Workers: 1
 Concurrent Refinement Workers: 4
 Periodic GC: Disabled
Heap:
 garbage-first heap   total 353280K, used 230684K [0x00000000e0000000, 0x0000000100000000)
  region size 1024K, 27 young (27648K), 11 survivors (11264K)
 Metaspace       used 183809K, committed 186496K, reserved 1245184K
  class space    used 24572K, committed 25856K, reserved 1048576K
GC Heap History (20 events):
Event: 38.426 GC heap before
{Heap before GC invocations=49 (full 0):
 garbage-first heap   total 293888K, used 252858K [0x00000000e0000000, 0x0000000100000000)
  region size 1024K, 80 young (81920K), 9 survivors (9216K)
 Metaspace       used 138311K, committed 140672K, reserved 1179648K
  class space    used 18403K, committed 19520K, reserved 1048576K
}
Event: 38.435 GC heap after
{Heap after GC invocations=50 (full 0):
 garbage-first heap   total 293888K, used 186294K [0x00000000e0000000, 0x0000000100000000)
  region size 1024K, 10 young (10240K), 10 survivors (10240K)
 Metaspace       used 138311K, committed 140672K, reserved 1179648K
  class space    used 18403K, committed 19520K, reserved 1048576K
}
Event: 39.813 GC heap before
{Heap before GC invocations=50 (full 0):
 garbage-first heap   total 293888K, used 262070K [0x00000000e0000000, 0x0000000100000000)
  region size 1024K, 85 young (87040K), 10 survivors (10240K)
 Metaspace       used 146323K, committed 148736K, reserved 1179648K
  class space    used 19381K, committed 20544K, reserved 1048576K
}
Event: 39.823 GC heap after
{Heap after GC invocations=51 (full 0):
 garbage-first heap   total 293888K, used 188360K [0x00000000e0000000, 0x0000000100000000)
  region size 1024K, 3 young (3072K), 3 survivors (3072K)
 Metaspace       used 146323K, committed 148736K, reserved 1179648K
  class space    used 19381K, committed 20544K, reserved 1048576K
}
Event: 40.054 GC heap before
{Heap before GC invocations=51 (full 0):
 garbage-first heap   total 293888K, used 194504K [0x00000000e0000000, 0x0000000100000000)
  region size 1024K, 10 young (10240K), 3 survivors (3072K)
 Metaspace       used 147685K, committed 150080K, reserved 1179648K
  class space    used 19540K, committed 20736K, reserved 1048576K
}
Event: 40.058 GC heap after
{Heap after GC invocations=52 (full 0):
 garbage-first heap   total 293888K, used 189384K [0x00000000e0000000, 0x0000000100000000)
  region size 1024K, 4 young (4096K), 4 survivors (4096K)
 Metaspace       used 147685K, committed 150080K, reserved 1179648K
  class space    used 19540K, committed 20736K, reserved 1048576K
}
Event: 41.587 GC heap before
{Heap before GC invocations=53 (full 0):
 garbage-first heap   total 324608K, used 275400K [0x00000000e0000000, 0x0000000100000000)
  region size 1024K, 83 young (84992K), 4 survivors (4096K)
 Metaspace       used 152723K, committed 155136K, reserved 1245184K
  class space    used 20244K, committed 21440K, reserved 1048576K
}
Event: 41.597 GC heap after
{Heap after GC invocations=54 (full 0):
 garbage-first heap   total 324608K, used 196275K [0x00000000e0000000, 0x0000000100000000)
  region size 1024K, 10 young (10240K), 10 survivors (10240K)
 Metaspace       used 152723K, committed 155136K, reserved 1245184K
  class space    used 20244K, committed 21440K, reserved 1048576K
}
Event: 45.284 GC heap before
{Heap before GC invocations=54 (full 0):
 garbage-first heap   total 324608K, used 293555K [0x00000000e0000000, 0x0000000100000000)
  region size 1024K, 102 young (104448K), 10 survivors (10240K)
 Metaspace       used 159164K, committed 161664K, reserved 1245184K
  class space    used 21139K, committed 22336K, reserved 1048576K
}
Event: 45.298 GC heap after
{Heap after GC invocations=55 (full 0):
 garbage-first heap   total 324608K, used 201672K [0x00000000e0000000, 0x0000000100000000)
  region size 1024K, 13 young (13312K), 13 survivors (13312K)
 Metaspace       used 159164K, committed 161664K, reserved 1245184K
  class space    used 21139K, committed 22336K, reserved 1048576K
}
Event: 46.324 GC heap before
{Heap before GC invocations=55 (full 0):
 garbage-first heap   total 324608K, used 257992K [0x00000000e0000000, 0x0000000100000000)
  region size 1024K, 69 young (70656K), 13 survivors (13312K)
 Metaspace       used 162780K, committed 165312K, reserved 1245184K
  class space    used 21633K, committed 22848K, reserved 1048576K
}
Event: 46.335 GC heap after
{Heap after GC invocations=56 (full 0):
 garbage-first heap   total 324608K, used 201744K [0x00000000e0000000, 0x0000000100000000)
  region size 1024K, 3 young (3072K), 3 survivors (3072K)
 Metaspace       used 162780K, committed 165312K, reserved 1245184K
  class space    used 21633K, committed 22848K, reserved 1048576K
}
Event: 47.937 GC heap before
{Heap before GC invocations=57 (full 0):
 garbage-first heap   total 339968K, used 298000K [0x00000000e0000000, 0x0000000100000000)
  region size 1024K, 96 young (98304K), 3 survivors (3072K)
 Metaspace       used 169654K, committed 172224K, reserved 1245184K
  class space    used 22782K, committed 24000K, reserved 1048576K
}
Event: 47.944 GC heap after
{Heap after GC invocations=58 (full 0):
 garbage-first heap   total 339968K, used 204745K [0x00000000e0000000, 0x0000000100000000)
  region size 1024K, 6 young (6144K), 6 survivors (6144K)
 Metaspace       used 169654K, committed 172224K, reserved 1245184K
  class space    used 22782K, committed 24000K, reserved 1048576K
}
Event: 49.721 GC heap before
{Heap before GC invocations=58 (full 0):
 garbage-first heap   total 339968K, used 320457K [0x00000000e0000000, 0x0000000100000000)
  region size 1024K, 113 young (115712K), 6 survivors (6144K)
 Metaspace       used 178252K, committed 180928K, reserved 1245184K
  class space    used 23836K, committed 25152K, reserved 1048576K
}
Event: 49.742 GC heap after
{Heap after GC invocations=59 (full 0):
 garbage-first heap   total 339968K, used 206667K [0x00000000e0000000, 0x0000000100000000)
  region size 1024K, 15 young (15360K), 15 survivors (15360K)
 Metaspace       used 178252K, committed 180928K, reserved 1245184K
  class space    used 23836K, committed 25152K, reserved 1048576K
}
Event: 50.611 GC heap before
{Heap before GC invocations=59 (full 0):
 garbage-first heap   total 339968K, used 305995K [0x00000000e0000000, 0x0000000100000000)
  region size 1024K, 112 young (114688K), 15 survivors (15360K)
 Metaspace       used 178255K, committed 180928K, reserved 1245184K
  class space    used 23836K, committed 25152K, reserved 1048576K
}
Event: 50.628 GC heap after
{Heap after GC invocations=60 (full 0):
 garbage-first heap   total 339968K, used 210716K [0x00000000e0000000, 0x0000000100000000)
  region size 1024K, 7 young (7168K), 7 survivors (7168K)
 Metaspace       used 178255K, committed 180928K, reserved 1245184K
  class space    used 23836K, committed 25152K, reserved 1048576K
}
Event: 51.492 GC heap before
{Heap before GC invocations=61 (full 0):
 garbage-first heap   total 353280K, used 312092K [0x00000000e0000000, 0x0000000100000000)
  region size 1024K, 107 young (109568K), 7 survivors (7168K)
 Metaspace       used 179741K, committed 182464K, reserved 1245184K
  class space    used 24003K, committed 25280K, reserved 1048576K
}
Event: 51.502 GC heap after
{Heap after GC invocations=62 (full 0):
 garbage-first heap   total 353280K, used 215324K [0x00000000e0000000, 0x0000000100000000)
  region size 1024K, 11 young (11264K), 11 survivors (11264K)
 Metaspace       used 179741K, committed 182464K, reserved 1245184K
  class space    used 24003K, committed 25280K, reserved 1048576K
}

